<?xml version="1.0" encoding="UTF-8"?>
<testsuite name="EncryptDecryptTest" tests="1" skipped="0" failures="0" errors="0" timestamp="2020-06-28T22:02:44" hostname="DESKTOP-V5L7Q4Q" time="0.057">
  <properties/>
  <testcase name="start" classname="EncryptDecryptTest" time="0.057"/>
  <system-out><![CDATA[?[1;31m
Start test 1?[0m
dv ulfmw z givzhfiv!
]]></system-out>
  <system-err><![CDATA[]]></system-err>
</testsuite>
